Determining if the pthread_create exist failed with the following output:
Change Dir: /home/xyzeng/run_rcnn/caffe-mpi_parallel_v3/cmake/CMakeFiles/CMakeTmp

Run Build Command:/usr/bin/make "cmTryCompileExec149741944/fast"
/usr/bin/make -f CMakeFiles/cmTryCompileExec149741944.dir/build.make CMakeFiles/cmTryCompileExec149741944.dir/build
make[1]: Entering directory `/data1/xyzeng/run_rcnn/caffe-mpi_parallel_v3/cmake/CMakeFiles/CMakeTmp'
/usr/bin/cmake -E cmake_progress_report /home/xyzeng/run_rcnn/caffe-mpi_parallel_v3/cmake/CMakeFiles/CMakeTmp/CMakeFiles 1
Building C object CMakeFiles/cmTryCompileExec149741944.dir/CheckSymbolExists.c.o
/usr/bin/cc    -o CMakeFiles/cmTryCompileExec149741944.dir/CheckSymbolExists.c.o   -c /home/xyzeng/run_rcnn/caffe-mpi_parallel_v3/cmake/CMakeFiles/CMakeTmp/CheckSymbolExists.c
Linking C executable cmTryCompileExec149741944
/usr/bin/cmake -E cmake_link_script CMakeFiles/cmTryCompileExec149741944.dir/link.txt --verbose=1
/usr/bin/cc       CMakeFiles/cmTryCompileExec149741944.dir/CheckSymbolExists.c.o  -o cmTryCompileExec149741944 -rdynamic 
CMakeFiles/cmTryCompileExec149741944.dir/CheckSymbolExists.c.o: In function `main':
CheckSymbolExists.c:(.text+0x16): undefined reference to `pthread_create'
collect2: error: ld returned 1 exit status
make[1]: Leaving directory `/data1/xyzeng/run_rcnn/caffe-mpi_parallel_v3/cmake/CMakeFiles/CMakeTmp'
make[1]: *** [cmTryCompileExec149741944] Error 1
make: *** [cmTryCompileExec149741944/fast] Error 2

File /home/xyzeng/run_rcnn/caffe-mpi_parallel_v3/cmake/CMakeFiles/CMakeTmp/CheckSymbolExists.c:
/* */
#include <pthread.h>

int main(int argc, char** argv)
{
  (void)argv;
#ifndef pthread_create
  return ((int*)(&pthread_create))[argc];
#else
  (void)argc;
  return 0;
#endif
}

Determining if the function pthread_create exists in the pthreads failed with the following output:
Change Dir: /home/xyzeng/run_rcnn/caffe-mpi_parallel_v3/cmake/CMakeFiles/CMakeTmp

Run Build Command:/usr/bin/make "cmTryCompileExec2086114244/fast"
/usr/bin/make -f CMakeFiles/cmTryCompileExec2086114244.dir/build.make CMakeFiles/cmTryCompileExec2086114244.dir/build
make[1]: Entering directory `/data1/xyzeng/run_rcnn/caffe-mpi_parallel_v3/cmake/CMakeFiles/CMakeTmp'
/usr/bin/cmake -E cmake_progress_report /home/xyzeng/run_rcnn/caffe-mpi_parallel_v3/cmake/CMakeFiles/CMakeTmp/CMakeFiles 1
Building C object CMakeFiles/cmTryCompileExec2086114244.dir/CheckFunctionExists.c.o
/usr/bin/cc   -DCHECK_FUNCTION_EXISTS=pthread_create   -o CMakeFiles/cmTryCompileExec2086114244.dir/CheckFunctionExists.c.o   -c /usr/share/cmake-2.8/Modules/CheckFunctionExists.c
Linking C executable cmTryCompileExec2086114244
/usr/bin/cmake -E cmake_link_script CMakeFiles/cmTryCompileExec2086114244.dir/link.txt --verbose=1
/usr/bin/cc   -DCHECK_FUNCTION_EXISTS=pthread_create    CMakeFiles/cmTryCompileExec2086114244.dir/CheckFunctionExists.c.o  -o cmTryCompileExec2086114244 -rdynamic -lpthreads 
/usr/bin/ld: cannot find -lpthreads
collect2: error: ld returned 1 exit status
make[1]: *** [cmTryCompileExec2086114244] Error 1
make[1]: Leaving directory `/data1/xyzeng/run_rcnn/caffe-mpi_parallel_v3/cmake/CMakeFiles/CMakeTmp'
make: *** [cmTryCompileExec2086114244/fast] Error 2


